# JRE version: Java(TM) SE Runtime Environment (8.0_74-b02) (build 1.8.0_74-b02)
# Java VM: Java HotSpot(TM) 64-Bit Server VM (25.74-b02 mixed mode windows-amd64 compressed oops)
Heap:
 PSYoungGen      total 287232K, used 177145K [0x00000000eab00000, 0x00000000fde80000, 0x0000000100000000)
  eden space 271360K, 59% used [0x00000000eab00000,0x00000000f48b4960,0x00000000fb400000)
  from space 15872K, 98% used [0x00000000fcf00000,0x00000000fde49ab0,0x00000000fde80000)
  to   space 20480K, 0% used [0x00000000fb680000,0x00000000fb680000,0x00000000fca80000)
 ParOldGen       total 90112K, used 32288K [0x00000000c0000000, 0x00000000c5800000, 0x00000000eab00000)
  object space 90112K, 35% used [0x00000000c0000000,0x00000000c1f882d0,0x00000000c5800000)
 Metaspace       used 56447K, capacity 57904K, committed 57984K, reserved 1099776K
  class space    used 7429K, capacity 7783K, committed 7808K, reserved 1048576K
GC Heap History (10 events):
Event: 1134.797 GC heap before
{Heap before GC invocations=15 (full 4):
 PSYoungGen      total 241152K, used 4510K [0x00000000eab00000, 0x00000000faa80000, 0x0000000100000000)
  eden space 220672K, 0% used [0x00000000eab00000,0x00000000eab00000,0x00000000f8280000)
  from space 20480K, 22% used [0x00000000f8280000,0x00000000f86e7990,0x00000000f9680000)
  to   space 20480K, 0% used [0x00000000f9680000,0x00000000f9680000,0x00000000faa80000)
 ParOldGen       total 90112K, used 35706K [0x00000000c0000000, 0x00000000c5800000, 0x00000000eab00000)
  object space 90112K, 39% used [0x00000000c0000000,0x00000000c22deb18,0x00000000c5800000)
 Metaspace       used 53725K, capacity 54766K, committed 55040K, reserved 1097728K
  class space    used 7184K, capacity 7409K, committed 7424K, reserved 1048576K
Event: 1135.079 GC heap after
Heap after GC invocations=15 (full 4):
 PSYoungGen      total 241152K, used 0K [0x00000000eab00000, 0x00000000faa80000, 0x0000000100000000)
  eden space 220672K, 0% used [0x00000000eab00000,0x00000000eab00000,0x00000000f8280000)
  from space 20480K, 0% used [0x00000000f8280000,0x00000000f8280000,0x00000000f9680000)
  to   space 20480K, 0% used [0x00000000f9680000,0x00000000f9680000,0x00000000faa80000)
 ParOldGen       total 90112K, used 22338K [0x00000000c0000000, 0x00000000c5800000, 0x00000000eab00000)
  object space 90112K, 24% used [0x00000000c0000000,0x00000000c15d0968,0x00000000c5800000)
 Metaspace       used 53164K, capacity 53776K, committed 55040K, reserved 1097728K
  class space    used 7056K, capacity 7198K, committed 7424K, reserved 1048576K
}
Event: 1495.249 GC heap before
{Heap before GC invocations=16 (full 4):
 PSYoungGen      total 241152K, used 220672K [0x00000000eab00000, 0x00000000faa80000, 0x0000000100000000)
  eden space 220672K, 100% used [0x00000000eab00000,0x00000000f8280000,0x00000000f8280000)
  from space 20480K, 0% used [0x00000000f8280000,0x00000000f8280000,0x00000000f9680000)
  to   space 20480K, 0% used [0x00000000f9680000,0x00000000f9680000,0x00000000faa80000)
 ParOldGen       total 90112K, used 22338K [0x00000000c0000000, 0x00000000c5800000, 0x00000000eab00000)
  object space 90112K, 24% used [0x00000000c0000000,0x00000000c15d0968,0x00000000c5800000)
 Metaspace       used 53694K, capacity 54560K, committed 55296K, reserved 1097728K
  class space    used 7121K, capacity 7301K, committed 7424K, reserved 1048576K
Event: 1495.340 GC heap after
Heap after GC invocations=16 (full 4):
 PSYoungGen      total 241664K, used 10816K [0x00000000eab00000, 0x00000000fe300000, 0x0000000100000000)
  eden space 221184K, 0% used [0x00000000eab00000,0x00000000eab00000,0x00000000f8300000)
  from space 20480K, 52% used [0x00000000f9680000,0x00000000fa110020,0x00000000faa80000)
  to   space 19968K, 0% used [0x00000000f8300000,0x00000000f8300000,0x00000000f9680000)
 ParOldGen       total 90112K, used 22346K [0x00000000c0000000, 0x00000000c5800000, 0x00000000eab00000)
  object space 90112K, 24% used [0x00000000c0000000,0x00000000c15d2968,0x00000000c5800000)
 Metaspace       used 53694K, capacity 54560K, committed 55296K, reserved 1097728K
  class space    used 7121K, capacity 7301K, committed 7424K, reserved 1048576K
}
Event: 1497.362 GC heap before
{Heap before GC invocations=17 (full 4):
 PSYoungGen      total 241664K, used 69907K [0x00000000eab00000, 0x00000000fe300000, 0x0000000100000000)
  eden space 221184K, 26% used [0x00000000eab00000,0x00000000ee4b4c10,0x00000000f8300000)
  from space 20480K, 52% used [0x00000000f9680000,0x00000000fa110020,0x00000000faa80000)
  to   space 19968K, 0% used [0x00000000f8300000,0x00000000f8300000,0x00000000f9680000)
 ParOldGen       total 90112K, used 22346K [0x00000000c0000000, 0x00000000c5800000, 0x00000000eab00000)
  object space 90112K, 24% used [0x00000000c0000000,0x00000000c15d2968,0x00000000c5800000)
 Metaspace       used 54259K, capacity 55232K, committed 55680K, reserved 1097728K
  class space    used 7197K, capacity 7444K, committed 7552K, reserved 1048576K
Event: 1497.388 GC heap after
Heap after GC invocations=17 (full 4):
 PSYoungGen      total 241152K, used 11388K [0x00000000eab00000, 0x00000000fe200000, 0x0000000100000000)
  eden space 221184K, 0% used [0x00000000eab00000,0x00000000eab00000,0x00000000f8300000)
  from space 19968K, 57% used [0x00000000f8300000,0x00000000f8e1f1f0,0x00000000f9680000)
  to   space 19456K, 0% used [0x00000000fcf00000,0x00000000fcf00000,0x00000000fe200000)
 ParOldGen       total 90112K, used 22346K [0x00000000c0000000, 0x00000000c5800000, 0x00000000eab00000)
  object space 90112K, 24% used [0x00000000c0000000,0x00000000c15d2968,0x00000000c5800000)
 Metaspace       used 54259K, capacity 55232K, committed 55680K, reserved 1097728K
  class space    used 7197K, capacity 7444K, committed 7552K, reserved 1048576K
}
Event: 1497.388 GC heap before
{Heap before GC invocations=18 (full 5):
 PSYoungGen      total 241152K, used 11388K [0x00000000eab00000, 0x00000000fe200000, 0x0000000100000000)
  eden space 221184K, 0% used [0x00000000eab00000,0x00000000eab00000,0x00000000f8300000)
  from space 19968K, 57% used [0x00000000f8300000,0x00000000f8e1f1f0,0x00000000f9680000)
  to   space 19456K, 0% used [0x00000000fcf00000,0x00000000fcf00000,0x00000000fe200000)
 ParOldGen       total 90112K, used 22346K [0x00000000c0000000, 0x00000000c5800000, 0x00000000eab00000)
  object space 90112K, 24% used [0x00000000c0000000,0x00000000c15d2968,0x00000000c5800000)
 Metaspace       used 54259K, capacity 55232K, committed 55680K, reserved 1097728K
  class space    used 7197K, capacity 7444K, committed 7552K, reserved 1048576K
Event: 1497.872 GC heap after
Heap after GC invocations=18 (full 5):
 PSYoungGen      total 241152K, used 0K [0x00000000eab00000, 0x00000000fe200000, 0x0000000100000000)
  eden space 221184K, 0% used [0x00000000eab00000,0x00000000eab00000,0x00000000f8300000)
  from space 19968K, 0% used [0x00000000f8300000,0x00000000f8300000,0x00000000f9680000)
  to   space 19456K, 0% used [0x00000000fcf00000,0x00000000fcf00000,0x00000000fe200000)
 ParOldGen       total 90112K, used 32280K [0x00000000c0000000, 0x00000000c5800000, 0x00000000eab00000)
  object space 90112K, 35% used [0x00000000c0000000,0x00000000c1f862d0,0x00000000c5800000)
 Metaspace       used 54259K, capacity 55232K, committed 55680K, reserved 1097728K
  class space    used 7197K, capacity 7444K, committed 7552K, reserved 1048576K
}
Event: 1690.957 GC heap before
{Heap before GC invocations=19 (full 5):
 PSYoungGen      total 241152K, used 221184K [0x00000000eab00000, 0x00000000fe200000, 0x0000000100000000)
  eden space 221184K, 100% used [0x00000000eab00000,0x00000000f8300000,0x00000000f8300000)
  from space 19968K, 0% used [0x00000000f8300000,0x00000000f8300000,0x00000000f9680000)
  to   space 19456K, 0% used [0x00000000fcf00000,0x00000000fcf00000,0x00000000fe200000)
 ParOldGen       total 90112K, used 32280K [0x00000000c0000000, 0x00000000c5800000, 0x00000000eab00000)
  object space 90112K, 35% used [0x00000000c0000000,0x00000000c1f862d0,0x00000000c5800000)
 Metaspace       used 55687K, capacity 57038K, committed 57216K, reserved 1099776K
  class space    used 7351K, capacity 7692K, committed 7808K, reserved 1048576K
Event: 1690.984 GC heap after
Heap after GC invocations=19 (full 5):
 PSYoungGen      total 287232K, used 15654K [0x00000000eab00000, 0x00000000fde80000, 0x0000000100000000)
  eden space 271360K, 0% used [0x00000000eab00000,0x00000000eab00000,0x00000000fb400000)
  from space 15872K, 98% used [0x00000000fcf00000,0x00000000fde49ab0,0x00000000fde80000)
  to   space 20480K, 0% used [0x00000000fb680000,0x00000000fb680000,0x00000000fca80000)
 ParOldGen       total 90112K, used 32288K [0x00000000c0000000, 0x00000000c5800000, 0x00000000eab00000)
  object space 90112K, 35% used [0x00000000c0000000,0x00000000c1f882d0,0x00000000c5800000)
 Metaspace       used 55687K, capacity 57038K, committed 57216K, reserved 1099776K
  class space    used 7351K, capacity 7692K, committed 7808K, reserved 1048576K
}

