# JRE version: Java(TM) SE Runtime Environment (8.0_74-b02) (build 1.8.0_74-b02)
# Java VM: Java HotSpot(TM) 64-Bit Server VM (25.74-b02 mixed mode windows-amd64 compressed oops)
Heap:
 PSYoungGen      total 329216K, used 93045K [0x00000000eab00000, 0x00000000ffd00000, 0x0000000100000000)
  eden space 312320K, 29% used [0x00000000eab00000,0x00000000f05dd5b0,0x00000000fdc00000)
  from space 16896K, 0% used [0x00000000fdc00000,0x00000000fdc00000,0x00000000fec80000)
  to   space 16896K, 0% used [0x00000000fec80000,0x00000000fec80000,0x00000000ffd00000)
 ParOldGen       total 72704K, used 38393K [0x00000000c0000000, 0x00000000c4700000, 0x00000000eab00000)
  object space 72704K, 52% used [0x00000000c0000000,0x00000000c257e6a8,0x00000000c4700000)
 Metaspace       used 59602K, capacity 61914K, committed 62592K, reserved 1103872K
  class space    used 7700K, capacity 8101K, committed 8320K, reserved 1048576K
GC Heap History (10 events):
Event: 4545.944 GC heap before
{Heap before GC invocations=30 (full 9):
 PSYoungGen      total 256512K, used 237039K [0x00000000eab00000, 0x0000000100000000, 0x0000000100000000)
  eden space 239104K, 93% used [0x00000000eab00000,0x00000000f85bfcd0,0x00000000f9480000)
  from space 17408K, 74% used [0x00000000fa700000,0x00000000fb3bc010,0x00000000fb800000)
  to   space 18944K, 0% used [0x00000000f9480000,0x00000000f9480000,0x00000000fa700000)
 ParOldGen       total 72704K, used 24140K [0x00000000c0000000, 0x00000000c4700000, 0x00000000eab00000)
  object space 72704K, 33% used [0x00000000c0000000,0x00000000c1793128,0x00000000c4700000)
 Metaspace       used 58817K, capacity 60384K, committed 61952K, reserved 1103872K
  class space    used 7582K, capacity 7880K, committed 8192K, reserved 1048576K
Event: 4545.979 GC heap after
Heap after GC invocations=30 (full 9):
 PSYoungGen      total 258048K, used 6485K [0x00000000eab00000, 0x0000000100000000, 0x0000000100000000)
  eden space 239104K, 0% used [0x00000000eab00000,0x00000000eab00000,0x00000000f9480000)
  from space 18944K, 34% used [0x00000000f9480000,0x00000000f9ad5790,0x00000000fa700000)
  to   space 17920K, 0% used [0x00000000fee80000,0x00000000fee80000,0x0000000100000000)
 ParOldGen       total 72704K, used 33591K [0x00000000c0000000, 0x00000000c4700000, 0x00000000eab00000)
  object space 72704K, 46% used [0x00000000c0000000,0x00000000c20cdc48,0x00000000c4700000)
 Metaspace       used 58817K, capacity 60384K, committed 61952K, reserved 1103872K
  class space    used 7582K, capacity 7880K, committed 8192K, reserved 1048576K
}
Event: 4545.979 GC heap before
{Heap before GC invocations=31 (full 10):
 PSYoungGen      total 258048K, used 6485K [0x00000000eab00000, 0x0000000100000000, 0x0000000100000000)
  eden space 239104K, 0% used [0x00000000eab00000,0x00000000eab00000,0x00000000f9480000)
  from space 18944K, 34% used [0x00000000f9480000,0x00000000f9ad5790,0x00000000fa700000)
  to   space 17920K, 0% used [0x00000000fee80000,0x00000000fee80000,0x0000000100000000)
 ParOldGen       total 72704K, used 33591K [0x00000000c0000000, 0x00000000c4700000, 0x00000000eab00000)
  object space 72704K, 46% used [0x00000000c0000000,0x00000000c20cdc48,0x00000000c4700000)
 Metaspace       used 58817K, capacity 60384K, committed 61952K, reserved 1103872K
  class space    used 7582K, capacity 7880K, committed 8192K, reserved 1048576K
Event: 4546.832 GC heap after
Heap after GC invocations=31 (full 10):
 PSYoungGen      total 258048K, used 0K [0x00000000eab00000, 0x0000000100000000, 0x0000000100000000)
  eden space 239104K, 0% used [0x00000000eab00000,0x00000000eab00000,0x00000000f9480000)
  from space 18944K, 0% used [0x00000000f9480000,0x00000000f9480000,0x00000000fa700000)
  to   space 17920K, 0% used [0x00000000fee80000,0x00000000fee80000,0x0000000100000000)
 ParOldGen       total 72704K, used 35350K [0x00000000c0000000, 0x00000000c4700000, 0x00000000eab00000)
  object space 72704K, 48% used [0x00000000c0000000,0x00000000c2285b88,0x00000000c4700000)
 Metaspace       used 58817K, capacity 60384K, committed 61952K, reserved 1103872K
  class space    used 7582K, capacity 7880K, committed 8192K, reserved 1048576K
}
Event: 4606.035 GC heap before
{Heap before GC invocations=32 (full 10):
 PSYoungGen      total 258048K, used 239104K [0x00000000eab00000, 0x0000000100000000, 0x0000000100000000)
  eden space 239104K, 100% used [0x00000000eab00000,0x00000000f9480000,0x00000000f9480000)
  from space 18944K, 0% used [0x00000000f9480000,0x00000000f9480000,0x00000000fa700000)
  to   space 17920K, 0% used [0x00000000fee80000,0x00000000fee80000,0x0000000100000000)
 ParOldGen       total 72704K, used 35350K [0x00000000c0000000, 0x00000000c4700000, 0x00000000eab00000)
  object space 72704K, 48% used [0x00000000c0000000,0x00000000c2285b88,0x00000000c4700000)
 Metaspace       used 59173K, capacity 61078K, committed 62208K, reserved 1103872K
  class space    used 7647K, capacity 7995K, committed 8192K, reserved 1048576K
Event: 4606.060 GC heap after
Heap after GC invocations=32 (full 10):
 PSYoungGen      total 327168K, used 7584K [0x00000000eab00000, 0x00000000ffd00000, 0x0000000100000000)
  eden space 312320K, 0% used [0x00000000eab00000,0x00000000eab00000,0x00000000fdc00000)
  from space 14848K, 51% used [0x00000000fee80000,0x00000000ff5e8000,0x00000000ffd00000)
  to   space 16896K, 0% used [0x00000000fdc00000,0x00000000fdc00000,0x00000000fec80000)
 ParOldGen       total 72704K, used 35358K [0x00000000c0000000, 0x00000000c4700000, 0x00000000eab00000)
  object space 72704K, 48% used [0x00000000c0000000,0x00000000c2287b88,0x00000000c4700000)
 Metaspace       used 59173K, capacity 61078K, committed 62208K, reserved 1103872K
  class space    used 7647K, capacity 7995K, committed 8192K, reserved 1048576K
}
Event: 4674.925 GC heap before
{Heap before GC invocations=33 (full 10):
 PSYoungGen      total 327168K, used 169144K [0x00000000eab00000, 0x00000000ffd00000, 0x0000000100000000)
  eden space 312320K, 51% used [0x00000000eab00000,0x00000000f48c6198,0x00000000fdc00000)
  from space 14848K, 51% used [0x00000000fee80000,0x00000000ff5e8000,0x00000000ffd00000)
  to   space 16896K, 0% used [0x00000000fdc00000,0x00000000fdc00000,0x00000000fec80000)
 ParOldGen       total 72704K, used 35358K [0x00000000c0000000, 0x00000000c4700000, 0x00000000eab00000)
  object space 72704K, 48% used [0x00000000c0000000,0x00000000c2287b88,0x00000000c4700000)
 Metaspace       used 59409K, capacity 61460K, committed 62336K, reserved 1103872K
  class space    used 7676K, capacity 8064K, committed 8320K, reserved 1048576K
Event: 4674.953 GC heap after
Heap after GC invocations=33 (full 10):
 PSYoungGen      total 329216K, used 2580K [0x00000000eab00000, 0x00000000ffd00000, 0x0000000100000000)
  eden space 312320K, 0% used [0x00000000eab00000,0x00000000eab00000,0x00000000fdc00000)
  from space 16896K, 15% used [0x00000000fdc00000,0x00000000fde852b8,0x00000000fec80000)
  to   space 16896K, 0% used [0x00000000fec80000,0x00000000fec80000,0x00000000ffd00000)
 ParOldGen       total 72704K, used 40587K [0x00000000c0000000, 0x00000000c4700000, 0x00000000eab00000)
  object space 72704K, 55% used [0x00000000c0000000,0x00000000c27a2cb0,0x00000000c4700000)
 Metaspace       used 59409K, capacity 61460K, committed 62336K, reserved 1103872K
  class space    used 7676K, capacity 8064K, committed 8320K, reserved 1048576K
}
Event: 4674.953 GC heap before
{Heap before GC invocations=34 (full 11):
 PSYoungGen      total 329216K, used 2580K [0x00000000eab00000, 0x00000000ffd00000, 0x0000000100000000)
  eden space 312320K, 0% used [0x00000000eab00000,0x00000000eab00000,0x00000000fdc00000)
  from space 16896K, 15% used [0x00000000fdc00000,0x00000000fde852b8,0x00000000fec80000)
  to   space 16896K, 0% used [0x00000000fec80000,0x00000000fec80000,0x00000000ffd00000)
 ParOldGen       total 72704K, used 40587K [0x00000000c0000000, 0x00000000c4700000, 0x00000000eab00000)
  object space 72704K, 55% used [0x00000000c0000000,0x00000000c27a2cb0,0x00000000c4700000)
 Metaspace       used 59409K, capacity 61460K, committed 62336K, reserved 1103872K
  class space    used 7676K, capacity 8064K, committed 8320K, reserved 1048576K
Event: 4675.757 GC heap after
Heap after GC invocations=34 (full 11):
 PSYoungGen      total 329216K, used 0K [0x00000000eab00000, 0x00000000ffd00000, 0x0000000100000000)
  eden space 312320K, 0% used [0x00000000eab00000,0x00000000eab00000,0x00000000fdc00000)
  from space 16896K, 0% used [0x00000000fdc00000,0x00000000fdc00000,0x00000000fec80000)
  to   space 16896K, 0% used [0x00000000fec80000,0x00000000fec80000,0x00000000ffd00000)
 ParOldGen       total 72704K, used 38393K [0x00000000c0000000, 0x00000000c4700000, 0x00000000eab00000)
  object space 72704K, 52% used [0x00000000c0000000,0x00000000c257e6a8,0x00000000c4700000)
 Metaspace       used 59409K, capacity 61460K, committed 62336K, reserved 1103872K
  class space    used 7676K, capacity 8064K, committed 8320K, reserved 1048576K
}

